TN:
SF:src/basic/add.js
FN:1,add
FNF:1
FNH:1
FNDA:1,add
DA:1,1
DA:2,1
DA:3,1
DA:4,1
DA:5,1
LF:5
LH:5
BRDA:1,0,0,1
BRF:1
BRH:1
end_of_record
TN:
SF:src/basic/async.js
FN:1,fetchProduct
FNF:1
FNH:1
FNDA:2,fetchProduct
DA:1,2
DA:2,2
DA:3,1
DA:4,1
DA:5,1
DA:6,1
DA:7,1
DA:8,1
LF:8
LH:8
BRDA:1,0,0,2
BRDA:2,1,0,1
BRF:2
BRH:2
end_of_record
TN:
SF:src/basic/calculator.js
FN:2,Calculator
FN:6,set
FN:10,clear
FN:14,add
FN:22,subtract
FN:26,multiply
FN:30,divide
FNF:7
FNH:7
FNDA:1,Calculator
FNDA:3,set
FNDA:12,clear
FNDA:2,add
FNDA:1,subtract
FNDA:1,multiply
FNDA:4,divide
DA:1,1
DA:2,1
DA:3,1
DA:4,1
DA:5,1
DA:6,1
DA:7,3
DA:8,3
DA:9,1
DA:10,1
DA:11,12
DA:12,12
DA:13,1
DA:14,1
DA:15,2
DA:16,2
DA:17,1
DA:18,1
DA:19,1
DA:20,1
DA:21,1
DA:22,1
DA:23,1
DA:24,1
DA:25,1
DA:26,1
DA:27,1
DA:28,1
DA:29,1
DA:30,1
DA:31,4
DA:32,4
DA:33,1
DA:34,1
DA:35,1
LF:35
LH:35
BRDA:2,0,0,1
BRDA:6,1,0,3
BRDA:10,2,0,12
BRDA:14,3,0,2
BRDA:16,4,0,1
BRDA:22,5,0,1
BRDA:26,6,0,1
BRDA:30,7,0,4
BRF:8
BRH:8
end_of_record
TN:
SF:src/mock/check/check.js
FN:1,check
FNF:1
FNH:1
FNDA:2,check
DA:1,2
DA:2,2
DA:3,1
DA:4,1
DA:5,1
DA:6,1
DA:7,2
DA:8,1
DA:9,1
LF:9
LH:9
BRDA:1,0,0,2
BRDA:2,1,0,1
BRF:2
BRH:2
end_of_record
TN:
SF:src/mock/product/product_client.js
FN:2,fetchItems
FNF:1
FNH:0
FNDA:0,fetchItems
DA:1,1
DA:2,1
DA:3,0
DA:4,0
DA:5,0
DA:6,0
DA:7,1
DA:8,1
DA:9,1
LF:9
LH:5
BRF:0
BRH:0
end_of_record
TN:
SF:src/mock/product/product_service_bad.js
FN:7,ProductServiceBad
FN:11,fetchAvailableItems
FNF:2
FNH:2
FNDA:2,ProductServiceBad
FNDA:2,fetchAvailableItems
DA:1,1
DA:2,1
DA:3,1
DA:4,1
DA:5,1
DA:6,1
DA:7,1
DA:8,2
DA:9,2
DA:10,1
DA:11,1
DA:12,2
DA:13,2
DA:14,2
DA:15,2
DA:16,1
DA:17,1
DA:18,1
LF:18
LH:18
BRDA:7,0,0,2
BRDA:11,1,0,2
BRDA:12,2,0,2
BRDA:13,3,0,4
BRF:4
BRH:4
end_of_record
TN:
SF:src/mock/product/product_service_good.js
FN:5,ProductServiceGood
FN:9,fetchAvailableItems
FNF:2
FNH:2
FNDA:1,ProductServiceGood
FNDA:1,fetchAvailableItems
DA:1,1
DA:2,1
DA:3,1
DA:4,1
DA:5,1
DA:6,1
DA:7,1
DA:8,1
DA:9,1
DA:10,1
DA:11,1
DA:12,1
DA:13,1
DA:14,1
DA:15,1
DA:16,1
LF:16
LH:16
BRDA:5,0,0,1
BRDA:9,1,0,1
BRDA:10,2,0,1
BRDA:11,3,0,2
BRF:4
BRH:4
end_of_record
TN:
SF:src/mock/product/test/stub_product_client.js
FN:4,fetchItems
FNF:1
FNH:1
FNDA:1,fetchItems
DA:1,1
DA:2,1
DA:3,1
DA:4,1
DA:5,1
DA:6,1
DA:7,1
DA:8,1
DA:9,1
DA:10,1
DA:11,1
DA:12,1
LF:12
LH:12
BRDA:4,0,0,1
BRF:1
BRH:1
end_of_record
TN:
SF:src/mock/user/user_client.js
FN:2,login
FNF:1
FNH:0
FNDA:0,login
DA:1,1
DA:2,1
DA:3,0
DA:4,0
DA:5,0
DA:6,0
DA:7,1
DA:8,1
DA:9,1
LF:9
LH:5
BRF:0
BRH:0
end_of_record
TN:
SF:src/mock/user/user_service.js
FN:2,UserService
FN:7,login
FNF:2
FNH:2
FNDA:5,UserService
FNDA:4,login
DA:1,1
DA:2,1
DA:3,5
DA:4,5
DA:5,5
DA:6,1
DA:7,1
DA:8,4
DA:9,3
DA:10,3
DA:11,3
DA:12,3
DA:13,4
DA:14,1
DA:15,1
DA:16,1
LF:16
LH:16
BRDA:2,0,0,5
BRDA:7,1,0,4
BRDA:8,2,0,3
BRDA:11,3,0,3
BRF:4
BRH:4
end_of_record
TN:
SF:src/mock/user/test/stub_user_client.js
FN:2,login
FNF:1
FNH:1
FNDA:1,login
DA:1,1
DA:2,1
DA:3,1
DA:4,1
DA:5,1
DA:6,1
DA:7,1
DA:8,1
DA:9,1
DA:10,1
DA:11,1
LF:11
LH:11
BRDA:2,0,0,1
BRF:1
BRH:1
end_of_record
